----------------------------------------------------------------
2014-03-05 16:30:36.259 GMT:
 Booting Derby version The Apache Software Foundation - Apache Derby - 10.5.3.0 - (802917): instance a816c00e-0144-9315-1422-000005d06e08
on database directory /home/xumakgt6/HopsRabbit/repository/version/db  

Database Class Loader started - derby.database.classpath=''
----------------------------------------------------------------
2014-03-05 16:30:36.951 GMT:
 Booting Derby version The Apache Software Foundation - Apache Derby - 10.5.3.0 - (802917): instance 888c4022-0144-9315-1422-000005d06e08
on database directory /home/xumakgt6/HopsRabbit/repository/workspaces/default/db  

Database Class Loader started - derby.database.classpath=''
----------------------------------------------------------------
2014-03-05 16:30:37.872 GMT:
 Booting Derby version The Apache Software Foundation - Apache Derby - 10.5.3.0 - (802917): instance e1734037-0144-9315-1422-000005d06e08
on database directory /home/xumakgt6/HopsRabbit/repository/workspaces/security/db  

Database Class Loader started - derby.database.classpath=''

2014-03-05 16:30:38.451 GMT:
Shutting down instance 888c4022-0144-9315-1422-000005d06e08
----------------------------------------------------------------

2014-03-05 16:30:38.515 GMT:
Shutting down instance e1734037-0144-9315-1422-000005d06e08
----------------------------------------------------------------

2014-03-05 16:30:38.580 GMT:
Shutting down instance a816c00e-0144-9315-1422-000005d06e08
----------------------------------------------------------------
